app/build/intermediates/manifest_merge_blame_file/release/manifest-merger-blame-release-report.txt
1<?xml version="1.0" encoding="utf-8"?>
2<manifest xmlns:android="http://schemas.android.com/apk/res/android"
3    package="com.app.addviu"
4    android:versionCode="4"
5    android:versionName="1.03" >
6
7    <uses-sdk
8        android:minSdkVersion="16"
8-->src\main\AndroidManifest.xml
9        android:targetSdkVersion="29" />
9-->src\main\AndroidManifest.xml
10
11    <uses-permission android:name="android.permission.ACCESS_NETWORK_STATE" />
11-->src\main\AndroidManifest.xml:6:5-79
11-->src\main\AndroidManifest.xml:6:22-76
12    <uses-permission android:name="android.permission.INTERNET" />
12-->src\main\AndroidManifest.xml:7:5-67
12-->src\main\AndroidManifest.xml:7:22-64
13    <uses-permission android:name="android.permission.CAMERA" />
13-->src\main\AndroidManifest.xml:8:5-65
13-->src\main\AndroidManifest.xml:8:22-62
14    <uses-permission android:name="android.permission.WRITE_EXTERNAL_STORAGE" />
14-->src\main\AndroidManifest.xml:9:5-81
14-->src\main\AndroidManifest.xml:9:22-78
15    <uses-permission android:name="android.permission.READ_EXTERNAL_STORAGE" />
15-->src\main\AndroidManifest.xml:10:5-80
15-->src\main\AndroidManifest.xml:10:22-77
16
17    <application
17-->src\main\AndroidManifest.xml:12:5-94:19
18        android:name="com.app.addviu.AppController"
18-->src\main\AndroidManifest.xml:13:9-38
19        android:allowBackup="false"
19-->src\main\AndroidManifest.xml:14:9-36
20        android:appComponentFactory="androidx.core.app.CoreComponentFactory"
20-->[androidx.core:core:1.2.0] AndroidManifest.xml:24:18-86
21        android:hardwareAccelerated="false"
21-->src\main\AndroidManifest.xml:15:9-44
22        android:icon="@mipmap/ic_launcher"
22-->src\main\AndroidManifest.xml:16:9-43
23        android:label="@string/app_name"
23-->src\main\AndroidManifest.xml:17:9-41
24        android:largeHeap="true"
24-->src\main\AndroidManifest.xml:18:9-33
25        android:requestLegacyExternalStorage="true"
25-->src\main\AndroidManifest.xml:19:9-52
26        android:roundIcon="@mipmap/ic_launcher"
26-->src\main\AndroidManifest.xml:20:9-48
27        android:supportsRtl="true"
27-->src\main\AndroidManifest.xml:21:9-35
28        android:theme="@style/AppTheme"
28-->src\main\AndroidManifest.xml:22:9-40
29        android:usesCleartextTraffic="true" >
29-->src\main\AndroidManifest.xml:23:9-44
30        <activity
30-->src\main\AndroidManifest.xml:26:9-27:51
31            android:name="com.app.addviu.view.activity.ProfilePage"
31-->src\main\AndroidManifest.xml:26:19-60
32            android:screenOrientation="portrait" />
32-->src\main\AndroidManifest.xml:27:13-49
33        <activity
33-->src\main\AndroidManifest.xml:28:9-29:51
34            android:name="com.app.addviu.view.activity.NotificationActivity"
34-->src\main\AndroidManifest.xml:28:19-69
35            android:screenOrientation="portrait" />
35-->src\main\AndroidManifest.xml:29:13-49
36        <activity
36-->src\main\AndroidManifest.xml:30:9-31:51
37            android:name="com.app.addviu.view.activity.MyVideos"
37-->src\main\AndroidManifest.xml:30:19-57
38            android:screenOrientation="portrait" />
38-->src\main\AndroidManifest.xml:31:13-49
39        <activity
39-->src\main\AndroidManifest.xml:32:9-33:51
40            android:name="com.app.addviu.view.activity.SideMenuVid"
40-->src\main\AndroidManifest.xml:32:19-60
41            android:screenOrientation="portrait" />
41-->src\main\AndroidManifest.xml:33:13-49
42        <activity
42-->src\main\AndroidManifest.xml:34:9-35:51
43            android:name="com.app.addviu.view.activity.Playlistpage"
43-->src\main\AndroidManifest.xml:34:19-61
44            android:screenOrientation="portrait" />
44-->src\main\AndroidManifest.xml:35:13-49
45        <activity
45-->src\main\AndroidManifest.xml:36:9-37:51
46            android:name="com.app.addviu.view.activity.AddVideoPlaylist"
46-->src\main\AndroidManifest.xml:36:19-65
47            android:screenOrientation="portrait" />
47-->src\main\AndroidManifest.xml:37:13-49
48        <activity
48-->src\main\AndroidManifest.xml:38:9-39:51
49            android:name="com.app.addviu.view.activity.ChannelPage"
49-->src\main\AndroidManifest.xml:38:19-60
50            android:screenOrientation="portrait" />
50-->src\main\AndroidManifest.xml:39:13-49
51        <activity
51-->src\main\AndroidManifest.xml:40:9-41:51
52            android:name="com.app.addviu.view.activity.CreateChannelScreen"
52-->src\main\AndroidManifest.xml:40:19-68
53            android:screenOrientation="portrait" />
53-->src\main\AndroidManifest.xml:41:13-49
54        <activity
54-->src\main\AndroidManifest.xml:42:9-44:55
55            android:name="com.app.addviu.view.activity.MyChannels"
55-->src\main\AndroidManifest.xml:43:13-53
56            android:windowSoftInputMode="adjustPan" /> <!-- <activity android:name=".view.activity.CommentsScreen" /> -->
56-->src\main\AndroidManifest.xml:44:13-52
57        <activity
57-->src\main\AndroidManifest.xml:45:9-47:62
58            android:name="com.app.addviu.view.activity.VideoPlayerScreen"
58-->src\main\AndroidManifest.xml:46:13-60
59            android:configChanges="screenSize|orientation" />
59-->src\main\AndroidManifest.xml:47:13-59
60        <activity
60-->src\main\AndroidManifest.xml:48:9-49:51
61            android:name="com.app.addviu.view.activity.VideoUploadScreen"
61-->src\main\AndroidManifest.xml:48:19-66
62            android:screenOrientation="portrait" />
62-->src\main\AndroidManifest.xml:49:13-49
63        <activity
63-->src\main\AndroidManifest.xml:50:9-51:51
64            android:name="com.app.addviu.view.activity.ForgotScreen"
64-->src\main\AndroidManifest.xml:50:19-61
65            android:screenOrientation="portrait" />
65-->src\main\AndroidManifest.xml:51:13-49
66        <activity
66-->src\main\AndroidManifest.xml:52:9-53:51
67            android:name="com.app.addviu.view.activity.SignInScreen"
67-->src\main\AndroidManifest.xml:52:19-61
68            android:screenOrientation="portrait" />
68-->src\main\AndroidManifest.xml:53:13-49
69        <activity
69-->src\main\AndroidManifest.xml:54:9-55:51
70            android:name="com.app.addviu.view.activity.SignUpScreen"
70-->src\main\AndroidManifest.xml:54:19-61
71            android:screenOrientation="portrait" />
71-->src\main\AndroidManifest.xml:55:13-49
72        <activity
72-->src\main\AndroidManifest.xml:56:9-58:62
73            android:name="com.app.addviu.view.activity.HomeScreen"
73-->src\main\AndroidManifest.xml:57:13-53
74            android:configChanges="screenSize|orientation" />
74-->src\main\AndroidManifest.xml:58:13-59
75        <activity
75-->src\main\AndroidManifest.xml:59:9-60:51
76            android:name="com.app.addviu.view.activity.RewardsScreen"
76-->src\main\AndroidManifest.xml:59:19-62
77            android:screenOrientation="portrait" />
77-->src\main\AndroidManifest.xml:60:13-49
78        <activity android:name="com.app.addviu.view.activity.SplashScreen" >
78-->src\main\AndroidManifest.xml:61:9-67:20
78-->src\main\AndroidManifest.xml:61:19-61
79            <intent-filter>
79-->src\main\AndroidManifest.xml:62:13-66:29
80                <action android:name="android.intent.action.MAIN" />
80-->src\main\AndroidManifest.xml:63:17-69
80-->src\main\AndroidManifest.xml:63:25-66
81
82                <category android:name="android.intent.category.LAUNCHER" />
82-->src\main\AndroidManifest.xml:65:17-77
82-->src\main\AndroidManifest.xml:65:27-74
83            </intent-filter>
84        </activity>
85
86        <provider
86-->src\main\AndroidManifest.xml:69:9-77:20
87            android:name="androidx.core.content.FileProvider"
87-->src\main\AndroidManifest.xml:70:13-62
88            android:authorities="@string/file_provider_authority"
88-->src\main\AndroidManifest.xml:71:13-66
89            android:exported="false"
89-->src\main\AndroidManifest.xml:72:13-37
90            android:grantUriPermissions="true" >
90-->src\main\AndroidManifest.xml:73:13-47
91            <meta-data
91-->src\main\AndroidManifest.xml:74:13-76:58
92                android:name="android.support.FILE_PROVIDER_PATHS"
92-->src\main\AndroidManifest.xml:75:17-67
93                android:resource="@xml/provider_paths" />
93-->src\main\AndroidManifest.xml:76:17-55
94        </provider>
95
96        <meta-data
96-->src\main\AndroidManifest.xml:79:9-81:57
97            android:name="preloaded_fonts"
97-->src\main\AndroidManifest.xml:80:13-43
98            android:resource="@array/preloaded_fonts" />
98-->src\main\AndroidManifest.xml:81:13-54
99
100        <provider
100-->src\main\AndroidManifest.xml:83:9-93:20
101            android:name="com.app.addviu.data.helper.LocalStorageProvider"
101-->src\main\AndroidManifest.xml:84:13-61
102            android:authorities="com.app.addviu.localstorage.documents"
102-->src\main\AndroidManifest.xml:85:13-72
103            android:enabled="@bool/use_provider"
103-->src\main\AndroidManifest.xml:86:13-49
104            android:exported="true"
104-->src\main\AndroidManifest.xml:87:13-36
105            android:grantUriPermissions="true"
105-->src\main\AndroidManifest.xml:88:13-47
106            android:permission="android.permission.MANAGE_DOCUMENTS" >
106-->src\main\AndroidManifest.xml:89:13-69
107            <intent-filter>
107-->src\main\AndroidManifest.xml:90:13-92:29
108                <action android:name="android.content.action.DOCUMENTS_PROVIDER" />
108-->src\main\AndroidManifest.xml:91:17-84
108-->src\main\AndroidManifest.xml:91:25-81
109            </intent-filter>
110        </provider>
111
112        <meta-data
112-->[com.google.android.exoplayer:extension-ima:2.11.1] AndroidManifest.xml:25:9-27:36
113            android:name="com.google.android.gms.ads.AD_MANAGER_APP"
113-->[com.google.android.exoplayer:extension-ima:2.11.1] AndroidManifest.xml:26:13-69
114            android:value="true" />
114-->[com.google.android.exoplayer:extension-ima:2.11.1] AndroidManifest.xml:27:13-33
115        <meta-data
115-->[com.google.android.exoplayer:extension-ima:2.11.1] AndroidManifest.xml:28:9-30:69
116            android:name="com.google.android.gms.version"
116-->[com.google.android.exoplayer:extension-ima:2.11.1] AndroidManifest.xml:29:13-58
117            android:value="@integer/google_play_services_version" />
117-->[com.google.android.exoplayer:extension-ima:2.11.1] AndroidManifest.xml:30:13-66
118    </application>
119
120</manifest>